<?xml version="1.0" encoding="UTF-8"?>
<!-- Generated by org.testng.reporters.JUnitReportReporter -->
<testsuite skipped="0" hostname="ODA-L-054" name="com.THobby.Home.Home" tests="1" failures="0" timestamp="22 Apr 2020 11:04:41 GMT" time="40.335" errors="0">
  <testcase name="TestCase1" time="40.335" classname="com.THobby.Home.Home"/>
</testsuite> <!-- com.THobby.Home.Home -->
